     3>D:\.dima\misis2023f-23-check\misis2024s-23-18-eremin-i-n\prj.lab\bitset\bitset.cpp(99,12): warning C4834: удаление возвращаемого значения функции с атрибутом [[nodiscard]] [D:\.dima\misis2023f-23-check\misis2024s-23-18-eremin-i-n\build.check\prj.lab\bitset\bitset.vcxproj]
     3>D:\.dima\misis2023f-23-check\misis2024s-23-18-eremin-i-n\prj.lab\bitset\bitset.cpp(115,12): warning C4834: удаление возвращаемого значения функции с атрибутом [[nodiscard]] [D:\.dima\misis2023f-23-check\misis2024s-23-18-eremin-i-n\build.check\prj.lab\bitset\bitset.vcxproj]
     3>D:\.dima\misis2023f-23-check\misis2024s-23-18-eremin-i-n\prj.lab\bitset\bitset.cpp(131,12): warning C4834: удаление возвращаемого значения функции с атрибутом [[nodiscard]] [D:\.dima\misis2023f-23-check\misis2024s-23-18-eremin-i-n\build.check\prj.lab\bitset\bitset.vcxproj]
    19>d:\Programs\Microsoft Visual Studio\2022\Community\VC\Tools\MSVC\14.39.33519\include\xutility(5027,24): warning C4244: =: преобразование "const _Ty" в "_Ty", возможна потеря данных [D:\.dima\misis2023f-23-check\misis2024s-23-18-eremin-i-n\build.check\prj.lab\dynarr\dynarr.vcxproj]
d:\Programs\Microsoft Visual Studio\2022\Community\VC\Tools\MSVC\14.39.33519\include\xutility(5027,24): warning C4244:         with [D:\.dima\misis2023f-23-check\misis2024s-23-18-eremin-i-n\build.check\prj.lab\dynarr\dynarr.vcxproj]
d:\Programs\Microsoft Visual Studio\2022\Community\VC\Tools\MSVC\14.39.33519\include\xutility(5027,24): warning C4244:         [ [D:\.dima\misis2023f-23-check\misis2024s-23-18-eremin-i-n\build.check\prj.lab\dynarr\dynarr.vcxproj]
d:\Programs\Microsoft Visual Studio\2022\Community\VC\Tools\MSVC\14.39.33519\include\xutility(5027,24): warning C4244:             _Ty=int [D:\.dima\misis2023f-23-check\misis2024s-23-18-eremin-i-n\build.check\prj.lab\dynarr\dynarr.vcxproj]
d:\Programs\Microsoft Visual Studio\2022\Community\VC\Tools\MSVC\14.39.33519\include\xutility(5027,24): warning C4244:         ] [D:\.dima\misis2023f-23-check\misis2024s-23-18-eremin-i-n\build.check\prj.lab\dynarr\dynarr.vcxproj]
d:\Programs\Microsoft Visual Studio\2022\Community\VC\Tools\MSVC\14.39.33519\include\xutility(5027,24): warning C4244:         and [D:\.dima\misis2023f-23-check\misis2024s-23-18-eremin-i-n\build.check\prj.lab\dynarr\dynarr.vcxproj]
d:\Programs\Microsoft Visual Studio\2022\Community\VC\Tools\MSVC\14.39.33519\include\xutility(5027,24): warning C4244:         [ [D:\.dima\misis2023f-23-check\misis2024s-23-18-eremin-i-n\build.check\prj.lab\dynarr\dynarr.vcxproj]
d:\Programs\Microsoft Visual Studio\2022\Community\VC\Tools\MSVC\14.39.33519\include\xutility(5027,24): warning C4244:             _Ty=float [D:\.dima\misis2023f-23-check\misis2024s-23-18-eremin-i-n\build.check\prj.lab\dynarr\dynarr.vcxproj]
d:\Programs\Microsoft Visual Studio\2022\Community\VC\Tools\MSVC\14.39.33519\include\xutility(5027,24): warning C4244:         ] [D:\.dima\misis2023f-23-check\misis2024s-23-18-eremin-i-n\build.check\prj.lab\dynarr\dynarr.vcxproj]
     5>D:\.dima\misis2023f-23-check\misis2024s-23-18-eremin-i-n\prj.lab\complex\complex.cpp(153,1): warning C4715: pow: значение возвращается не при всех путях выполнения [D:\.dima\misis2023f-23-check\misis2024s-23-18-eremin-i-n\build.check\prj.lab\complex\complex.vcxproj]
    19>D:\.dima\misis2023f-23-check\misis2024s-23-18-eremin-i-n\prj.lab\dynarr\dynarr.cpp(45,1): warning C4715: DynArr::operator=: значение возвращается не при всех путях выполнения [D:\.dima\misis2023f-23-check\misis2024s-23-18-eremin-i-n\build.check\prj.lab\dynarr\dynarr.vcxproj]
    30>D:\.dima\misis2023f-23-check\misis2024s-23-18-eremin-i-n\prj.lab\stackarr\stackarr.cpp(26,1): warning C4715: StackArr::operator=: значение возвращается не при всех путях выполнения [D:\.dima\misis2023f-23-check\misis2024s-23-18-eremin-i-n\build.check\prj.lab\stackarr\stackarr.vcxproj]
    33>D:\.dima\misis2023f-23-check\misis2024s-23-18-eremin-i-n\prj.test\test_queuelstpr.cpp(71,8): warning C4834: удаление возвращаемого значения функции с атрибутом [[nodiscard]] [D:\.dima\misis2023f-23-check\misis2024s-23-18-eremin-i-n\build.check\prj.test\test_queuelstpr.vcxproj]
    38>D:\.dima\misis2023f-23-check\misis2024s-23-18-eremin-i-n\prj.test\test_queuearr.cpp(17,5): warning C4834: удаление возвращаемого значения функции с атрибутом [[nodiscard]] [D:\.dima\misis2023f-23-check\misis2024s-23-18-eremin-i-n\build.check\prj.test\test_queuearr.vcxproj]
    39>D:\.dima\misis2023f-23-check\misis2024s-23-18-eremin-i-n\prj.test\test_queuelst.cpp(20,5): warning C4834: удаление возвращаемого значения функции с атрибутом [[nodiscard]] [D:\.dima\misis2023f-23-check\misis2024s-23-18-eremin-i-n\build.check\prj.test\test_queuelst.vcxproj]
    39>D:\.dima\misis2023f-23-check\misis2024s-23-18-eremin-i-n\prj.test\test_queuelst.cpp(28,12): warning C4834: удаление возвращаемого значения функции с атрибутом [[nodiscard]] [D:\.dima\misis2023f-23-check\misis2024s-23-18-eremin-i-n\build.check\prj.test\test_queuelst.vcxproj]
    39>D:\.dima\misis2023f-23-check\misis2024s-23-18-eremin-i-n\prj.test\test_queuelst.cpp(36,12): warning C4834: удаление возвращаемого значения функции с атрибутом [[nodiscard]] [D:\.dima\misis2023f-23-check\misis2024s-23-18-eremin-i-n\build.check\prj.test\test_queuelst.vcxproj]
    39>D:\.dima\misis2023f-23-check\misis2024s-23-18-eremin-i-n\prj.test\test_queuelst.cpp(54,12): warning C4834: удаление возвращаемого значения функции с атрибутом [[nodiscard]] [D:\.dima\misis2023f-23-check\misis2024s-23-18-eremin-i-n\build.check\prj.test\test_queuelst.vcxproj]
    38>D:\.dima\misis2023f-23-check\misis2024s-23-18-eremin-i-n\prj.test\test_queuearr.cpp(131,5): warning C4834: удаление возвращаемого значения функции с атрибутом [[nodiscard]] [D:\.dima\misis2023f-23-check\misis2024s-23-18-eremin-i-n\build.check\prj.test\test_queuearr.vcxproj]
    38>D:\.dima\misis2023f-23-check\misis2024s-23-18-eremin-i-n\prj.test\test_queuearr.cpp(148,5): warning C4834: удаление возвращаемого значения функции с атрибутом [[nodiscard]] [D:\.dima\misis2023f-23-check\misis2024s-23-18-eremin-i-n\build.check\prj.test\test_queuearr.vcxproj]
    38>D:\.dima\misis2023f-23-check\misis2024s-23-18-eremin-i-n\prj.test\test_queuearr.cpp(247,5): warning C4834: удаление возвращаемого значения функции с атрибутом [[nodiscard]] [D:\.dima\misis2023f-23-check\misis2024s-23-18-eremin-i-n\build.check\prj.test\test_queuearr.vcxproj]
    38>D:\.dima\misis2023f-23-check\misis2024s-23-18-eremin-i-n\prj.test\test_queuearr.cpp(265,5): warning C4834: удаление возвращаемого значения функции с атрибутом [[nodiscard]] [D:\.dima\misis2023f-23-check\misis2024s-23-18-eremin-i-n\build.check\prj.test\test_queuearr.vcxproj]
    38>D:\.dima\misis2023f-23-check\misis2024s-23-18-eremin-i-n\prj.test\test_queuearr.cpp(315,5): warning C4834: удаление возвращаемого значения функции с атрибутом [[nodiscard]] [D:\.dima\misis2023f-23-check\misis2024s-23-18-eremin-i-n\build.check\prj.test\test_queuearr.vcxproj]
    38>D:\.dima\misis2023f-23-check\misis2024s-23-18-eremin-i-n\prj.test\test_queuearr.cpp(375,5): warning C4834: удаление возвращаемого значения функции с атрибутом [[nodiscard]] [D:\.dima\misis2023f-23-check\misis2024s-23-18-eremin-i-n\build.check\prj.test\test_queuearr.vcxproj]
    38>D:\.dima\misis2023f-23-check\misis2024s-23-18-eremin-i-n\prj.test\test_queuearr.cpp(417,5): warning C4834: удаление возвращаемого значения функции с атрибутом [[nodiscard]] [D:\.dima\misis2023f-23-check\misis2024s-23-18-eremin-i-n\build.check\prj.test\test_queuearr.vcxproj]
    38>D:\.dima\misis2023f-23-check\misis2024s-23-18-eremin-i-n\prj.test\test_queuearr.cpp(436,5): warning C4834: удаление возвращаемого значения функции с атрибутом [[nodiscard]] [D:\.dima\misis2023f-23-check\misis2024s-23-18-eremin-i-n\build.check\prj.test\test_queuearr.vcxproj]
    38>D:\.dima\misis2023f-23-check\misis2024s-23-18-eremin-i-n\prj.test\test_queuearr.cpp(468,5): warning C4834: удаление возвращаемого значения функции с атрибутом [[nodiscard]] [D:\.dima\misis2023f-23-check\misis2024s-23-18-eremin-i-n\build.check\prj.test\test_queuearr.vcxproj]
    38>D:\.dima\misis2023f-23-check\misis2024s-23-18-eremin-i-n\prj.test\test_queuearr.cpp(487,5): warning C4834: удаление возвращаемого значения функции с атрибутом [[nodiscard]] [D:\.dima\misis2023f-23-check\misis2024s-23-18-eremin-i-n\build.check\prj.test\test_queuearr.vcxproj]
    39>D:\.dima\misis2023f-23-check\misis2024s-23-18-eremin-i-n\prj.test\test_queuelst.cpp(70,5): warning C4834: удаление возвращаемого значения функции с атрибутом [[nodiscard]] [D:\.dima\misis2023f-23-check\misis2024s-23-18-eremin-i-n\build.check\prj.test\test_queuelst.vcxproj]
    37>D:\.dima\misis2023f-23-check\misis2024s-23-18-eremin-i-n\prj.test\test_rational.cpp(180,5): warning C4834: удаление возвращаемого значения функции с атрибутом [[nodiscard]] [D:\.dima\misis2023f-23-check\misis2024s-23-18-eremin-i-n\build.check\prj.test\test_rational.vcxproj]
    37>D:\.dima\misis2023f-23-check\misis2024s-23-18-eremin-i-n\prj.test\test_rational.cpp(181,5): warning C4834: удаление возвращаемого значения функции с атрибутом [[nodiscard]] [D:\.dima\misis2023f-23-check\misis2024s-23-18-eremin-i-n\build.check\prj.test\test_rational.vcxproj]
    33>D:\.dima\misis2023f-23-check\misis2024s-23-18-eremin-i-n\prj.test\doctest.h(1476,9): warning C4805: ==: небезопасное смешение типа "const L" и типа "const R" в операции [D:\.dima\misis2023f-23-check\misis2024s-23-18-eremin-i-n\build.check\prj.test\test_queuelstpr.vcxproj]
D:\.dima\misis2023f-23-check\misis2024s-23-18-eremin-i-n\prj.test\doctest.h(1476,9): warning C4805:         with [D:\.dima\misis2023f-23-check\misis2024s-23-18-eremin-i-n\build.check\prj.test\test_queuelstpr.vcxproj]
D:\.dima\misis2023f-23-check\misis2024s-23-18-eremin-i-n\prj.test\doctest.h(1476,9): warning C4805:         [ [D:\.dima\misis2023f-23-check\misis2024s-23-18-eremin-i-n\build.check\prj.test\test_queuelstpr.vcxproj]
D:\.dima\misis2023f-23-check\misis2024s-23-18-eremin-i-n\prj.test\doctest.h(1476,9): warning C4805:             L=bool [D:\.dima\misis2023f-23-check\misis2024s-23-18-eremin-i-n\build.check\prj.test\test_queuelstpr.vcxproj]
D:\.dima\misis2023f-23-check\misis2024s-23-18-eremin-i-n\prj.test\doctest.h(1476,9): warning C4805:         ] [D:\.dima\misis2023f-23-check\misis2024s-23-18-eremin-i-n\build.check\prj.test\test_queuelstpr.vcxproj]
D:\.dima\misis2023f-23-check\misis2024s-23-18-eremin-i-n\prj.test\doctest.h(1476,9): warning C4805:         and [D:\.dima\misis2023f-23-check\misis2024s-23-18-eremin-i-n\build.check\prj.test\test_queuelstpr.vcxproj]
D:\.dima\misis2023f-23-check\misis2024s-23-18-eremin-i-n\prj.test\doctest.h(1476,9): warning C4805:         [ [D:\.dima\misis2023f-23-check\misis2024s-23-18-eremin-i-n\build.check\prj.test\test_queuelstpr.vcxproj]
D:\.dima\misis2023f-23-check\misis2024s-23-18-eremin-i-n\prj.test\doctest.h(1476,9): warning C4805:             R=int [D:\.dima\misis2023f-23-check\misis2024s-23-18-eremin-i-n\build.check\prj.test\test_queuelstpr.vcxproj]
D:\.dima\misis2023f-23-check\misis2024s-23-18-eremin-i-n\prj.test\doctest.h(1476,9): warning C4805:         ] [D:\.dima\misis2023f-23-check\misis2024s-23-18-eremin-i-n\build.check\prj.test\test_queuelstpr.vcxproj]
    39>D:\.dima\misis2023f-23-check\misis2024s-23-18-eremin-i-n\prj.test\test_queuelst.cpp(82,5): warning C4834: удаление возвращаемого значения функции с атрибутом [[nodiscard]] [D:\.dima\misis2023f-23-check\misis2024s-23-18-eremin-i-n\build.check\prj.test\test_queuelst.vcxproj]
    39>D:\.dima\misis2023f-23-check\misis2024s-23-18-eremin-i-n\prj.test\test_queuelst.cpp(114,9): warning C4834: удаление возвращаемого значения функции с атрибутом [[nodiscard]] [D:\.dima\misis2023f-23-check\misis2024s-23-18-eremin-i-n\build.check\prj.test\test_queuelst.vcxproj]
    39>D:\.dima\misis2023f-23-check\misis2024s-23-18-eremin-i-n\prj.test\test_queuelst.cpp(126,9): warning C4834: удаление возвращаемого значения функции с атрибутом [[nodiscard]] [D:\.dima\misis2023f-23-check\misis2024s-23-18-eremin-i-n\build.check\prj.test\test_queuelst.vcxproj]
    39>D:\.dima\misis2023f-23-check\misis2024s-23-18-eremin-i-n\prj.test\test_queuelst.cpp(139,9): warning C4834: удаление возвращаемого значения функции с атрибутом [[nodiscard]] [D:\.dima\misis2023f-23-check\misis2024s-23-18-eremin-i-n\build.check\prj.test\test_queuelst.vcxproj]
    39>D:\.dima\misis2023f-23-check\misis2024s-23-18-eremin-i-n\prj.test\test_queuelst.cpp(173,9): warning C4834: удаление возвращаемого значения функции с атрибутом [[nodiscard]] [D:\.dima\misis2023f-23-check\misis2024s-23-18-eremin-i-n\build.check\prj.test\test_queuelst.vcxproj]
    39>D:\.dima\misis2023f-23-check\misis2024s-23-18-eremin-i-n\prj.test\test_queuelst.cpp(185,9): warning C4834: удаление возвращаемого значения функции с атрибутом [[nodiscard]] [D:\.dima\misis2023f-23-check\misis2024s-23-18-eremin-i-n\build.check\prj.test\test_queuelst.vcxproj]
    39>D:\.dima\misis2023f-23-check\misis2024s-23-18-eremin-i-n\prj.test\test_queuelst.cpp(214,9): warning C4834: удаление возвращаемого значения функции с атрибутом [[nodiscard]] [D:\.dima\misis2023f-23-check\misis2024s-23-18-eremin-i-n\build.check\prj.test\test_queuelst.vcxproj]
    39>D:\.dima\misis2023f-23-check\misis2024s-23-18-eremin-i-n\prj.test\test_queuelst.cpp(226,9): warning C4834: удаление возвращаемого значения функции с атрибутом [[nodiscard]] [D:\.dima\misis2023f-23-check\misis2024s-23-18-eremin-i-n\build.check\prj.test\test_queuelst.vcxproj]
    39>D:\.dima\misis2023f-23-check\misis2024s-23-18-eremin-i-n\prj.test\test_queuelst.cpp(242,5): warning C4834: удаление возвращаемого значения функции с атрибутом [[nodiscard]] [D:\.dima\misis2023f-23-check\misis2024s-23-18-eremin-i-n\build.check\prj.test\test_queuelst.vcxproj]
    39>D:\.dima\misis2023f-23-check\misis2024s-23-18-eremin-i-n\prj.test\test_queuelst.cpp(276,5): warning C4834: удаление возвращаемого значения функции с атрибутом [[nodiscard]] [D:\.dima\misis2023f-23-check\misis2024s-23-18-eremin-i-n\build.check\prj.test\test_queuelst.vcxproj]
    39>D:\.dima\misis2023f-23-check\misis2024s-23-18-eremin-i-n\prj.test\test_queuelst.cpp(288,5): warning C4834: удаление возвращаемого значения функции с атрибутом [[nodiscard]] [D:\.dima\misis2023f-23-check\misis2024s-23-18-eremin-i-n\build.check\prj.test\test_queuelst.vcxproj]
    39>D:\.dima\misis2023f-23-check\misis2024s-23-18-eremin-i-n\prj.test\test_queuelst.cpp(315,5): warning C4834: удаление возвращаемого значения функции с атрибутом [[nodiscard]] [D:\.dima\misis2023f-23-check\misis2024s-23-18-eremin-i-n\build.check\prj.test\test_queuelst.vcxproj]
    39>D:\.dima\misis2023f-23-check\misis2024s-23-18-eremin-i-n\prj.test\test_queuelst.cpp(327,5): warning C4834: удаление возвращаемого значения функции с атрибутом [[nodiscard]] [D:\.dima\misis2023f-23-check\misis2024s-23-18-eremin-i-n\build.check\prj.test\test_queuelst.vcxproj]
    39>D:\.dima\misis2023f-23-check\misis2024s-23-18-eremin-i-n\prj.test\test_queuelst.cpp(342,12): warning C4834: удаление возвращаемого значения функции с атрибутом [[nodiscard]] [D:\.dima\misis2023f-23-check\misis2024s-23-18-eremin-i-n\build.check\prj.test\test_queuelst.vcxproj]
    10>D:\.dima\misis2023f-23-check\misis2024s-23-18-eremin-i-n\prj.check\prj.check\doctest_queuelst\doctest_queuelst.cpp(32,11): warning C4834: удаление возвращаемого значения функции с атрибутом [[nodiscard]] [D:\.dima\misis2023f-23-check\misis2024s-23-18-eremin-i-n\build.check\prj.check\prj.check\doctest_queuelst\doctest_queuelst.vcxproj]
    13>D:\.dima\misis2023f-23-check\misis2024s-23-18-eremin-i-n\prj.check\prj.check\doctest_queuelstpr\doctest_queuelstpr.cpp(41,11): warning C4834: удаление возвращаемого значения функции с атрибутом [[nodiscard]] [D:\.dima\misis2023f-23-check\misis2024s-23-18-eremin-i-n\build.check\prj.check\prj.check\doctest_queuelstpr\doctest_queuelstpr.vcxproj]
    38>D:\.dima\misis2023f-23-check\misis2024s-23-18-eremin-i-n\prj.test\doctest.h(1476,9): warning C4805: ==: небезопасное смешение типа "const L" и типа "const R" в операции [D:\.dima\misis2023f-23-check\misis2024s-23-18-eremin-i-n\build.check\prj.test\test_queuearr.vcxproj]
D:\.dima\misis2023f-23-check\misis2024s-23-18-eremin-i-n\prj.test\doctest.h(1476,9): warning C4805:         with [D:\.dima\misis2023f-23-check\misis2024s-23-18-eremin-i-n\build.check\prj.test\test_queuearr.vcxproj]
D:\.dima\misis2023f-23-check\misis2024s-23-18-eremin-i-n\prj.test\doctest.h(1476,9): warning C4805:         [ [D:\.dima\misis2023f-23-check\misis2024s-23-18-eremin-i-n\build.check\prj.test\test_queuearr.vcxproj]
D:\.dima\misis2023f-23-check\misis2024s-23-18-eremin-i-n\prj.test\doctest.h(1476,9): warning C4805:             L=bool [D:\.dima\misis2023f-23-check\misis2024s-23-18-eremin-i-n\build.check\prj.test\test_queuearr.vcxproj]
D:\.dima\misis2023f-23-check\misis2024s-23-18-eremin-i-n\prj.test\doctest.h(1476,9): warning C4805:         ] [D:\.dima\misis2023f-23-check\misis2024s-23-18-eremin-i-n\build.check\prj.test\test_queuearr.vcxproj]
D:\.dima\misis2023f-23-check\misis2024s-23-18-eremin-i-n\prj.test\doctest.h(1476,9): warning C4805:         and [D:\.dima\misis2023f-23-check\misis2024s-23-18-eremin-i-n\build.check\prj.test\test_queuearr.vcxproj]
D:\.dima\misis2023f-23-check\misis2024s-23-18-eremin-i-n\prj.test\doctest.h(1476,9): warning C4805:         [ [D:\.dima\misis2023f-23-check\misis2024s-23-18-eremin-i-n\build.check\prj.test\test_queuearr.vcxproj]
D:\.dima\misis2023f-23-check\misis2024s-23-18-eremin-i-n\prj.test\doctest.h(1476,9): warning C4805:             R=int [D:\.dima\misis2023f-23-check\misis2024s-23-18-eremin-i-n\build.check\prj.test\test_queuearr.vcxproj]
D:\.dima\misis2023f-23-check\misis2024s-23-18-eremin-i-n\prj.test\doctest.h(1476,9): warning C4805:         ] [D:\.dima\misis2023f-23-check\misis2024s-23-18-eremin-i-n\build.check\prj.test\test_queuearr.vcxproj]
    13>D:\.dima\misis2023f-23-check\misis2024s-23-18-eremin-i-n\prj.check\prj.check\doctest_queuelstpr\doctest_queuelstpr.cpp(99,12): warning C4834: удаление возвращаемого значения функции с атрибутом [[nodiscard]] [D:\.dima\misis2023f-23-check\misis2024s-23-18-eremin-i-n\build.check\prj.check\prj.check\doctest_queuelstpr\doctest_queuelstpr.vcxproj]
    10>D:\.dima\misis2023f-23-check\misis2024s-23-18-eremin-i-n\prj.check\prj.check\doctest_queuelst\doctest_queuelst.cpp(90,12): warning C4834: удаление возвращаемого значения функции с атрибутом [[nodiscard]] [D:\.dima\misis2023f-23-check\misis2024s-23-18-eremin-i-n\build.check\prj.check\prj.check\doctest_queuelst\doctest_queuelst.vcxproj]
     8>D:\.dima\misis2023f-23-check\misis2024s-23-18-eremin-i-n\prj.check\prj.check\doctest_dynarr\doctest_dynarr_moveable.cpp(22,11): warning C4834: удаление возвращаемого значения функции с атрибутом [[nodiscard]] [D:\.dima\misis2023f-23-check\misis2024s-23-18-eremin-i-n\build.check\prj.check\prj.check\doctest_dynarr\doctest_dynarr_m.vcxproj]
    13>D:\.dima\misis2023f-23-check\misis2024s-23-18-eremin-i-n\prj.check\prj.check\doctest_queuelstpr\doctest_queuelstpr.cpp(105,11): warning C4834: удаление возвращаемого значения функции с атрибутом [[nodiscard]] [D:\.dima\misis2023f-23-check\misis2024s-23-18-eremin-i-n\build.check\prj.check\prj.check\doctest_queuelstpr\doctest_queuelstpr.vcxproj]
    10>D:\.dima\misis2023f-23-check\misis2024s-23-18-eremin-i-n\prj.check\prj.check\doctest_queuelst\doctest_queuelst.cpp(96,11): warning C4834: удаление возвращаемого значения функции с атрибутом [[nodiscard]] [D:\.dima\misis2023f-23-check\misis2024s-23-18-eremin-i-n\build.check\prj.check\prj.check\doctest_queuelst\doctest_queuelst.vcxproj]
    13>D:\.dima\misis2023f-23-check\misis2024s-23-18-eremin-i-n\prj.check\prj.check\doctest_queuelstpr\doctest_queuelstpr.cpp(112,11): warning C4834: удаление возвращаемого значения функции с атрибутом [[nodiscard]] [D:\.dima\misis2023f-23-check\misis2024s-23-18-eremin-i-n\build.check\prj.check\prj.check\doctest_queuelstpr\doctest_queuelstpr.vcxproj]
    39>D:\.dima\misis2023f-23-check\misis2024s-23-18-eremin-i-n\prj.test\doctest.h(1476,9): warning C4805: ==: небезопасное смешение типа "const L" и типа "const R" в операции [D:\.dima\misis2023f-23-check\misis2024s-23-18-eremin-i-n\build.check\prj.test\test_queuelst.vcxproj]
D:\.dima\misis2023f-23-check\misis2024s-23-18-eremin-i-n\prj.test\doctest.h(1476,9): warning C4805:         with [D:\.dima\misis2023f-23-check\misis2024s-23-18-eremin-i-n\build.check\prj.test\test_queuelst.vcxproj]
D:\.dima\misis2023f-23-check\misis2024s-23-18-eremin-i-n\prj.test\doctest.h(1476,9): warning C4805:         [ [D:\.dima\misis2023f-23-check\misis2024s-23-18-eremin-i-n\build.check\prj.test\test_queuelst.vcxproj]
D:\.dima\misis2023f-23-check\misis2024s-23-18-eremin-i-n\prj.test\doctest.h(1476,9): warning C4805:             L=int [D:\.dima\misis2023f-23-check\misis2024s-23-18-eremin-i-n\build.check\prj.test\test_queuelst.vcxproj]
D:\.dima\misis2023f-23-check\misis2024s-23-18-eremin-i-n\prj.test\doctest.h(1476,9): warning C4805:         ] [D:\.dima\misis2023f-23-check\misis2024s-23-18-eremin-i-n\build.check\prj.test\test_queuelst.vcxproj]
D:\.dima\misis2023f-23-check\misis2024s-23-18-eremin-i-n\prj.test\doctest.h(1476,9): warning C4805:         and [D:\.dima\misis2023f-23-check\misis2024s-23-18-eremin-i-n\build.check\prj.test\test_queuelst.vcxproj]
D:\.dima\misis2023f-23-check\misis2024s-23-18-eremin-i-n\prj.test\doctest.h(1476,9): warning C4805:         [ [D:\.dima\misis2023f-23-check\misis2024s-23-18-eremin-i-n\build.check\prj.test\test_queuelst.vcxproj]
D:\.dima\misis2023f-23-check\misis2024s-23-18-eremin-i-n\prj.test\doctest.h(1476,9): warning C4805:             R=bool [D:\.dima\misis2023f-23-check\misis2024s-23-18-eremin-i-n\build.check\prj.test\test_queuelst.vcxproj]
D:\.dima\misis2023f-23-check\misis2024s-23-18-eremin-i-n\prj.test\doctest.h(1476,9): warning C4805:         ] [D:\.dima\misis2023f-23-check\misis2024s-23-18-eremin-i-n\build.check\prj.test\test_queuelst.vcxproj]
     8>D:\.dima\misis2023f-23-check\misis2024s-23-18-eremin-i-n\prj.check\prj.check\doctest_dynarr\doctest_dynarr_moveable.cpp(77,13): warning C4834: удаление возвращаемого значения функции с атрибутом [[nodiscard]] [D:\.dima\misis2023f-23-check\misis2024s-23-18-eremin-i-n\build.check\prj.check\prj.check\doctest_dynarr\doctest_dynarr_m.vcxproj]
    10>D:\.dima\misis2023f-23-check\misis2024s-23-18-eremin-i-n\prj.check\prj.check\doctest_queuelst\doctest_queuelst.cpp(103,11): warning C4834: удаление возвращаемого значения функции с атрибутом [[nodiscard]] [D:\.dima\misis2023f-23-check\misis2024s-23-18-eremin-i-n\build.check\prj.check\prj.check\doctest_queuelst\doctest_queuelst.vcxproj]
    13>D:\.dima\misis2023f-23-check\misis2024s-23-18-eremin-i-n\prj.check\prj.check\doctest_queuelstpr\doctest_queuelstpr.cpp(123,11): warning C4834: удаление возвращаемого значения функции с атрибутом [[nodiscard]] [D:\.dima\misis2023f-23-check\misis2024s-23-18-eremin-i-n\build.check\prj.check\prj.check\doctest_queuelstpr\doctest_queuelstpr.vcxproj]
    16>D:\.dima\misis2023f-23-check\misis2024s-23-18-eremin-i-n\prj.check\prj.check\doctest_queuearr\doctest_queuearr.cpp(58,11): warning C4834: удаление возвращаемого значения функции с атрибутом [[nodiscard]] [D:\.dima\misis2023f-23-check\misis2024s-23-18-eremin-i-n\build.check\prj.check\prj.check\doctest_queuearr\doctest_queuearr.vcxproj]
    15>D:\.dima\misis2023f-23-check\misis2024s-23-18-eremin-i-n\prj.check\prj.check\doctest_t.hpp(71,13): warning C4834: удаление возвращаемого значения функции с атрибутом [[nodiscard]] [D:\.dima\misis2023f-23-check\misis2024s-23-18-eremin-i-n\build.check\prj.check\prj.check\doctest_queuearr\doctest_queuearr_m.vcxproj]
    16>D:\.dima\misis2023f-23-check\misis2024s-23-18-eremin-i-n\prj.check\prj.check\doctest_queuearr\doctest_queuearr.cpp(116,12): warning C4834: удаление возвращаемого значения функции с атрибутом [[nodiscard]] [D:\.dima\misis2023f-23-check\misis2024s-23-18-eremin-i-n\build.check\prj.check\prj.check\doctest_queuearr\doctest_queuearr.vcxproj]
    10>D:\.dima\misis2023f-23-check\misis2024s-23-18-eremin-i-n\prj.check\prj.check\doctest_queuelst\doctest_queuelst.cpp(114,11): warning C4834: удаление возвращаемого значения функции с атрибутом [[nodiscard]] [D:\.dima\misis2023f-23-check\misis2024s-23-18-eremin-i-n\build.check\prj.check\prj.check\doctest_queuelst\doctest_queuelst.vcxproj]
    14>D:\.dima\misis2023f-23-check\misis2024s-23-18-eremin-i-n\prj.check\prj.check\doctest_t.hpp(71,13): warning C4834: удаление возвращаемого значения функции с атрибутом [[nodiscard]] [D:\.dima\misis2023f-23-check\misis2024s-23-18-eremin-i-n\build.check\prj.check\prj.check\doctest_queuelst\doctest_queuelst_m.vcxproj]
    16>D:\.dima\misis2023f-23-check\misis2024s-23-18-eremin-i-n\prj.check\prj.check\doctest_queuearr\doctest_queuearr.cpp(122,11): warning C4834: удаление возвращаемого значения функции с атрибутом [[nodiscard]] [D:\.dima\misis2023f-23-check\misis2024s-23-18-eremin-i-n\build.check\prj.check\prj.check\doctest_queuearr\doctest_queuearr.vcxproj]
    15>D:\.dima\misis2023f-23-check\misis2024s-23-18-eremin-i-n\prj.check\prj.check\doctest_t.hpp(85,13): warning C4834: удаление возвращаемого значения функции с атрибутом [[nodiscard]] [D:\.dima\misis2023f-23-check\misis2024s-23-18-eremin-i-n\build.check\prj.check\prj.check\doctest_queuearr\doctest_queuearr_m.vcxproj]
    11>D:\.dima\misis2023f-23-check\misis2024s-23-18-eremin-i-n\prj.check\prj.check\doctest_dynarr\doctest_dynarr.cpp(57,6): warning C4834: удаление возвращаемого значения функции с атрибутом [[nodiscard]] [D:\.dima\misis2023f-23-check\misis2024s-23-18-eremin-i-n\build.check\prj.check\prj.check\doctest_dynarr\doctest_dynarr.vcxproj]
    16>D:\.dima\misis2023f-23-check\misis2024s-23-18-eremin-i-n\prj.check\prj.check\doctest_queuearr\doctest_queuearr.cpp(129,11): warning C4834: удаление возвращаемого значения функции с атрибутом [[nodiscard]] [D:\.dima\misis2023f-23-check\misis2024s-23-18-eremin-i-n\build.check\prj.check\prj.check\doctest_queuearr\doctest_queuearr.vcxproj]
    14>D:\.dima\misis2023f-23-check\misis2024s-23-18-eremin-i-n\prj.check\prj.check\doctest_t.hpp(85,13): warning C4834: удаление возвращаемого значения функции с атрибутом [[nodiscard]] [D:\.dima\misis2023f-23-check\misis2024s-23-18-eremin-i-n\build.check\prj.check\prj.check\doctest_queuelst\doctest_queuelst_m.vcxproj]
    11>D:\.dima\misis2023f-23-check\misis2024s-23-18-eremin-i-n\prj.check\prj.check\doctest_dynarr\doctest_dynarr.cpp(66,11): warning C4834: удаление возвращаемого значения функции с атрибутом [[nodiscard]] [D:\.dima\misis2023f-23-check\misis2024s-23-18-eremin-i-n\build.check\prj.check\prj.check\doctest_dynarr\doctest_dynarr.vcxproj]
    16>D:\.dima\misis2023f-23-check\misis2024s-23-18-eremin-i-n\prj.check\prj.check\doctest_queuearr\doctest_queuearr.cpp(140,11): warning C4834: удаление возвращаемого значения функции с атрибутом [[nodiscard]] [D:\.dima\misis2023f-23-check\misis2024s-23-18-eremin-i-n\build.check\prj.check\prj.check\doctest_queuearr\doctest_queuearr.vcxproj]
    11>D:\.dima\misis2023f-23-check\misis2024s-23-18-eremin-i-n\prj.check\prj.check\doctest_dynarr\doctest_dynarr.cpp(87,11): warning C4834: удаление возвращаемого значения функции с атрибутом [[nodiscard]] [D:\.dima\misis2023f-23-check\misis2024s-23-18-eremin-i-n\build.check\prj.check\prj.check\doctest_dynarr\doctest_dynarr.vcxproj]
    34>D:\.dima\misis2023f-23-check\misis2024s-23-18-eremin-i-n\prj.test\test_dynarr.cpp(67,8): warning C4834: удаление возвращаемого значения функции с атрибутом [[nodiscard]] [D:\.dima\misis2023f-23-check\misis2024s-23-18-eremin-i-n\build.check\prj.test\test_dynarr.vcxproj]
    34>D:\.dima\misis2023f-23-check\misis2024s-23-18-eremin-i-n\prj.test\test_dynarr.cpp(76,8): warning C4834: удаление возвращаемого значения функции с атрибутом [[nodiscard]] [D:\.dima\misis2023f-23-check\misis2024s-23-18-eremin-i-n\build.check\prj.test\test_dynarr.vcxproj]
    41>D:\.dima\misis2023f-23-check\misis2024s-23-18-eremin-i-n\prj.test\test_stacklst.cpp(20,5): warning C4834: удаление возвращаемого значения функции с атрибутом [[nodiscard]] [D:\.dima\misis2023f-23-check\misis2024s-23-18-eremin-i-n\build.check\prj.test\test_stacklst.vcxproj]
    41>D:\.dima\misis2023f-23-check\misis2024s-23-18-eremin-i-n\prj.test\test_stacklst.cpp(28,12): warning C4834: удаление возвращаемого значения функции с атрибутом [[nodiscard]] [D:\.dima\misis2023f-23-check\misis2024s-23-18-eremin-i-n\build.check\prj.test\test_stacklst.vcxproj]
    41>D:\.dima\misis2023f-23-check\misis2024s-23-18-eremin-i-n\prj.test\test_stacklst.cpp(36,12): warning C4834: удаление возвращаемого значения функции с атрибутом [[nodiscard]] [D:\.dima\misis2023f-23-check\misis2024s-23-18-eremin-i-n\build.check\prj.test\test_stacklst.vcxproj]
    41>D:\.dima\misis2023f-23-check\misis2024s-23-18-eremin-i-n\prj.test\test_stacklst.cpp(54,12): warning C4834: удаление возвращаемого значения функции с атрибутом [[nodiscard]] [D:\.dima\misis2023f-23-check\misis2024s-23-18-eremin-i-n\build.check\prj.test\test_stacklst.vcxproj]
    41>D:\.dima\misis2023f-23-check\misis2024s-23-18-eremin-i-n\prj.test\test_stacklst.cpp(70,5): warning C4834: удаление возвращаемого значения функции с атрибутом [[nodiscard]] [D:\.dima\misis2023f-23-check\misis2024s-23-18-eremin-i-n\build.check\prj.test\test_stacklst.vcxproj]
    41>D:\.dima\misis2023f-23-check\misis2024s-23-18-eremin-i-n\prj.test\test_stacklst.cpp(82,5): warning C4834: удаление возвращаемого значения функции с атрибутом [[nodiscard]] [D:\.dima\misis2023f-23-check\misis2024s-23-18-eremin-i-n\build.check\prj.test\test_stacklst.vcxproj]
    41>D:\.dima\misis2023f-23-check\misis2024s-23-18-eremin-i-n\prj.test\test_stacklst.cpp(114,9): warning C4834: удаление возвращаемого значения функции с атрибутом [[nodiscard]] [D:\.dima\misis2023f-23-check\misis2024s-23-18-eremin-i-n\build.check\prj.test\test_stacklst.vcxproj]
    41>D:\.dima\misis2023f-23-check\misis2024s-23-18-eremin-i-n\prj.test\test_stacklst.cpp(126,9): warning C4834: удаление возвращаемого значения функции с атрибутом [[nodiscard]] [D:\.dima\misis2023f-23-check\misis2024s-23-18-eremin-i-n\build.check\prj.test\test_stacklst.vcxproj]
    41>D:\.dima\misis2023f-23-check\misis2024s-23-18-eremin-i-n\prj.test\test_stacklst.cpp(139,9): warning C4834: удаление возвращаемого значения функции с атрибутом [[nodiscard]] [D:\.dima\misis2023f-23-check\misis2024s-23-18-eremin-i-n\build.check\prj.test\test_stacklst.vcxproj]
    41>D:\.dima\misis2023f-23-check\misis2024s-23-18-eremin-i-n\prj.test\test_stacklst.cpp(173,9): warning C4834: удаление возвращаемого значения функции с атрибутом [[nodiscard]] [D:\.dima\misis2023f-23-check\misis2024s-23-18-eremin-i-n\build.check\prj.test\test_stacklst.vcxproj]
    41>D:\.dima\misis2023f-23-check\misis2024s-23-18-eremin-i-n\prj.test\test_stacklst.cpp(185,9): warning C4834: удаление возвращаемого значения функции с атрибутом [[nodiscard]] [D:\.dima\misis2023f-23-check\misis2024s-23-18-eremin-i-n\build.check\prj.test\test_stacklst.vcxproj]
    41>D:\.dima\misis2023f-23-check\misis2024s-23-18-eremin-i-n\prj.test\test_stacklst.cpp(214,9): warning C4834: удаление возвращаемого значения функции с атрибутом [[nodiscard]] [D:\.dima\misis2023f-23-check\misis2024s-23-18-eremin-i-n\build.check\prj.test\test_stacklst.vcxproj]
    41>D:\.dima\misis2023f-23-check\misis2024s-23-18-eremin-i-n\prj.test\test_stacklst.cpp(226,9): warning C4834: удаление возвращаемого значения функции с атрибутом [[nodiscard]] [D:\.dima\misis2023f-23-check\misis2024s-23-18-eremin-i-n\build.check\prj.test\test_stacklst.vcxproj]
    41>D:\.dima\misis2023f-23-check\misis2024s-23-18-eremin-i-n\prj.test\test_stacklst.cpp(238,5): warning C4834: удаление возвращаемого значения функции с атрибутом [[nodiscard]] [D:\.dima\misis2023f-23-check\misis2024s-23-18-eremin-i-n\build.check\prj.test\test_stacklst.vcxproj]
    41>D:\.dima\misis2023f-23-check\misis2024s-23-18-eremin-i-n\prj.test\test_stacklst.cpp(272,5): warning C4834: удаление возвращаемого значения функции с атрибутом [[nodiscard]] [D:\.dima\misis2023f-23-check\misis2024s-23-18-eremin-i-n\build.check\prj.test\test_stacklst.vcxproj]
    41>D:\.dima\misis2023f-23-check\misis2024s-23-18-eremin-i-n\prj.test\test_stacklst.cpp(284,5): warning C4834: удаление возвращаемого значения функции с атрибутом [[nodiscard]] [D:\.dima\misis2023f-23-check\misis2024s-23-18-eremin-i-n\build.check\prj.test\test_stacklst.vcxproj]
    41>D:\.dima\misis2023f-23-check\misis2024s-23-18-eremin-i-n\prj.test\test_stacklst.cpp(311,5): warning C4834: удаление возвращаемого значения функции с атрибутом [[nodiscard]] [D:\.dima\misis2023f-23-check\misis2024s-23-18-eremin-i-n\build.check\prj.test\test_stacklst.vcxproj]
    41>D:\.dima\misis2023f-23-check\misis2024s-23-18-eremin-i-n\prj.test\test_stacklst.cpp(323,5): warning C4834: удаление возвращаемого значения функции с атрибутом [[nodiscard]] [D:\.dima\misis2023f-23-check\misis2024s-23-18-eremin-i-n\build.check\prj.test\test_stacklst.vcxproj]
    41>D:\.dima\misis2023f-23-check\misis2024s-23-18-eremin-i-n\prj.test\test_stacklst.cpp(338,12): warning C4834: удаление возвращаемого значения функции с атрибутом [[nodiscard]] [D:\.dima\misis2023f-23-check\misis2024s-23-18-eremin-i-n\build.check\prj.test\test_stacklst.vcxproj]
    41>D:\.dima\misis2023f-23-check\misis2024s-23-18-eremin-i-n\prj.test\doctest.h(1476,9): warning C4805: ==: небезопасное смешение типа "const L" и типа "const R" в операции [D:\.dima\misis2023f-23-check\misis2024s-23-18-eremin-i-n\build.check\prj.test\test_stacklst.vcxproj]
D:\.dima\misis2023f-23-check\misis2024s-23-18-eremin-i-n\prj.test\doctest.h(1476,9): warning C4805:         with [D:\.dima\misis2023f-23-check\misis2024s-23-18-eremin-i-n\build.check\prj.test\test_stacklst.vcxproj]
D:\.dima\misis2023f-23-check\misis2024s-23-18-eremin-i-n\prj.test\doctest.h(1476,9): warning C4805:         [ [D:\.dima\misis2023f-23-check\misis2024s-23-18-eremin-i-n\build.check\prj.test\test_stacklst.vcxproj]
D:\.dima\misis2023f-23-check\misis2024s-23-18-eremin-i-n\prj.test\doctest.h(1476,9): warning C4805:             L=int [D:\.dima\misis2023f-23-check\misis2024s-23-18-eremin-i-n\build.check\prj.test\test_stacklst.vcxproj]
D:\.dima\misis2023f-23-check\misis2024s-23-18-eremin-i-n\prj.test\doctest.h(1476,9): warning C4805:         ] [D:\.dima\misis2023f-23-check\misis2024s-23-18-eremin-i-n\build.check\prj.test\test_stacklst.vcxproj]
D:\.dima\misis2023f-23-check\misis2024s-23-18-eremin-i-n\prj.test\doctest.h(1476,9): warning C4805:         and [D:\.dima\misis2023f-23-check\misis2024s-23-18-eremin-i-n\build.check\prj.test\test_stacklst.vcxproj]
D:\.dima\misis2023f-23-check\misis2024s-23-18-eremin-i-n\prj.test\doctest.h(1476,9): warning C4805:         [ [D:\.dima\misis2023f-23-check\misis2024s-23-18-eremin-i-n\build.check\prj.test\test_stacklst.vcxproj]
D:\.dima\misis2023f-23-check\misis2024s-23-18-eremin-i-n\prj.test\doctest.h(1476,9): warning C4805:             R=bool [D:\.dima\misis2023f-23-check\misis2024s-23-18-eremin-i-n\build.check\prj.test\test_stacklst.vcxproj]
D:\.dima\misis2023f-23-check\misis2024s-23-18-eremin-i-n\prj.test\doctest.h(1476,9): warning C4805:         ] [D:\.dima\misis2023f-23-check\misis2024s-23-18-eremin-i-n\build.check\prj.test\test_stacklst.vcxproj]
    32>D:\.dima\misis2023f-23-check\misis2024s-23-18-eremin-i-n\prj.test\test_bitset.cpp(8,5): warning C4834: удаление возвращаемого значения функции с атрибутом [[nodiscard]] [D:\.dima\misis2023f-23-check\misis2024s-23-18-eremin-i-n\build.check\prj.test\test_bitset.vcxproj]
    32>D:\.dima\misis2023f-23-check\misis2024s-23-18-eremin-i-n\prj.test\test_bitset.cpp(11,5): warning C4834: удаление возвращаемого значения функции с атрибутом [[nodiscard]] [D:\.dima\misis2023f-23-check\misis2024s-23-18-eremin-i-n\build.check\prj.test\test_bitset.vcxproj]
    32>D:\.dima\misis2023f-23-check\misis2024s-23-18-eremin-i-n\prj.test\test_bitset.cpp(12,5): warning C4834: удаление возвращаемого значения функции с атрибутом [[nodiscard]] [D:\.dima\misis2023f-23-check\misis2024s-23-18-eremin-i-n\build.check\prj.test\test_bitset.vcxproj]
    32>D:\.dima\misis2023f-23-check\misis2024s-23-18-eremin-i-n\prj.test\test_bitset.cpp(115,8): warning C4834: удаление возвращаемого значения функции с атрибутом [[nodiscard]] [D:\.dima\misis2023f-23-check\misis2024s-23-18-eremin-i-n\build.check\prj.test\test_bitset.vcxproj]
    32>D:\.dima\misis2023f-23-check\misis2024s-23-18-eremin-i-n\prj.test\test_bitset.cpp(130,8): warning C4834: удаление возвращаемого значения функции с атрибутом [[nodiscard]] [D:\.dima\misis2023f-23-check\misis2024s-23-18-eremin-i-n\build.check\prj.test\test_bitset.vcxproj]
    32>D:\.dima\misis2023f-23-check\misis2024s-23-18-eremin-i-n\prj.test\test_bitset.cpp(150,8): warning C4834: удаление возвращаемого значения функции с атрибутом [[nodiscard]] [D:\.dima\misis2023f-23-check\misis2024s-23-18-eremin-i-n\build.check\prj.test\test_bitset.vcxproj]
    32>D:\.dima\misis2023f-23-check\misis2024s-23-18-eremin-i-n\prj.test\test_bitset.cpp(228,11): warning C4834: удаление возвращаемого значения функции с атрибутом [[nodiscard]] [D:\.dima\misis2023f-23-check\misis2024s-23-18-eremin-i-n\build.check\prj.test\test_bitset.vcxproj]
    32>D:\.dima\misis2023f-23-check\misis2024s-23-18-eremin-i-n\prj.test\test_bitset.cpp(229,11): warning C4834: удаление возвращаемого значения функции с атрибутом [[nodiscard]] [D:\.dima\misis2023f-23-check\misis2024s-23-18-eremin-i-n\build.check\prj.test\test_bitset.vcxproj]
    32>D:\.dima\misis2023f-23-check\misis2024s-23-18-eremin-i-n\prj.test\test_bitset.cpp(230,12): warning C4834: удаление возвращаемого значения функции с атрибутом [[nodiscard]] [D:\.dima\misis2023f-23-check\misis2024s-23-18-eremin-i-n\build.check\prj.test\test_bitset.vcxproj]
    32>D:\.dima\misis2023f-23-check\misis2024s-23-18-eremin-i-n\prj.test\test_bitset.cpp(234,12): warning C4834: удаление возвращаемого значения функции с атрибутом [[nodiscard]] [D:\.dima\misis2023f-23-check\misis2024s-23-18-eremin-i-n\build.check\prj.test\test_bitset.vcxproj]
    32>D:\.dima\misis2023f-23-check\misis2024s-23-18-eremin-i-n\prj.test\test_bitset.cpp(247,11): warning C4834: удаление возвращаемого значения функции с атрибутом [[nodiscard]] [D:\.dima\misis2023f-23-check\misis2024s-23-18-eremin-i-n\build.check\prj.test\test_bitset.vcxproj]
    32>D:\.dima\misis2023f-23-check\misis2024s-23-18-eremin-i-n\prj.test\test_bitset.cpp(248,11): warning C4834: удаление возвращаемого значения функции с атрибутом [[nodiscard]] [D:\.dima\misis2023f-23-check\misis2024s-23-18-eremin-i-n\build.check\prj.test\test_bitset.vcxproj]
    32>D:\.dima\misis2023f-23-check\misis2024s-23-18-eremin-i-n\prj.test\test_bitset.cpp(249,11): warning C4834: удаление возвращаемого значения функции с атрибутом [[nodiscard]] [D:\.dima\misis2023f-23-check\misis2024s-23-18-eremin-i-n\build.check\prj.test\test_bitset.vcxproj]
     9>D:\.dima\misis2023f-23-check\misis2024s-23-18-eremin-i-n\prj.check\prj.check\doctest_bitset\doctest_bitset.cpp(89,11): warning C4834: удаление возвращаемого значения функции с атрибутом [[nodiscard]] [D:\.dima\misis2023f-23-check\misis2024s-23-18-eremin-i-n\build.check\prj.check\prj.check\doctest_bitset\doctest_bitset.vcxproj]
     9>D:\.dima\misis2023f-23-check\misis2024s-23-18-eremin-i-n\prj.check\prj.check\doctest_bitset\doctest_bitset.cpp(92,11): warning C4834: удаление возвращаемого значения функции с атрибутом [[nodiscard]] [D:\.dima\misis2023f-23-check\misis2024s-23-18-eremin-i-n\build.check\prj.check\prj.check\doctest_bitset\doctest_bitset.vcxproj]
     9>D:\.dima\misis2023f-23-check\misis2024s-23-18-eremin-i-n\prj.check\prj.check\doctest_bitset\doctest_bitset.cpp(96,9): warning C4834: удаление возвращаемого значения функции с атрибутом [[nodiscard]] [D:\.dima\misis2023f-23-check\misis2024s-23-18-eremin-i-n\build.check\prj.check\prj.check\doctest_bitset\doctest_bitset.vcxproj]
     9>D:\.dima\misis2023f-23-check\misis2024s-23-18-eremin-i-n\prj.check\prj.check\doctest_bitset\doctest_bitset.cpp(123,14): warning C4834: удаление возвращаемого значения функции с атрибутом [[nodiscard]] [D:\.dima\misis2023f-23-check\misis2024s-23-18-eremin-i-n\build.check\prj.check\prj.check\doctest_bitset\doctest_bitset.vcxproj]
    32>D:\.dima\misis2023f-23-check\misis2024s-23-18-eremin-i-n\prj.test\doctest.h(1476,9): warning C4805: ==: небезопасное смешение типа "const L" и типа "const R" в операции [D:\.dima\misis2023f-23-check\misis2024s-23-18-eremin-i-n\build.check\prj.test\test_bitset.vcxproj]
D:\.dima\misis2023f-23-check\misis2024s-23-18-eremin-i-n\prj.test\doctest.h(1476,9): warning C4805:         with [D:\.dima\misis2023f-23-check\misis2024s-23-18-eremin-i-n\build.check\prj.test\test_bitset.vcxproj]
D:\.dima\misis2023f-23-check\misis2024s-23-18-eremin-i-n\prj.test\doctest.h(1476,9): warning C4805:         [ [D:\.dima\misis2023f-23-check\misis2024s-23-18-eremin-i-n\build.check\prj.test\test_bitset.vcxproj]
D:\.dima\misis2023f-23-check\misis2024s-23-18-eremin-i-n\prj.test\doctest.h(1476,9): warning C4805:             L=bool [D:\.dima\misis2023f-23-check\misis2024s-23-18-eremin-i-n\build.check\prj.test\test_bitset.vcxproj]
D:\.dima\misis2023f-23-check\misis2024s-23-18-eremin-i-n\prj.test\doctest.h(1476,9): warning C4805:         ] [D:\.dima\misis2023f-23-check\misis2024s-23-18-eremin-i-n\build.check\prj.test\test_bitset.vcxproj]
D:\.dima\misis2023f-23-check\misis2024s-23-18-eremin-i-n\prj.test\doctest.h(1476,9): warning C4805:         and [D:\.dima\misis2023f-23-check\misis2024s-23-18-eremin-i-n\build.check\prj.test\test_bitset.vcxproj]
D:\.dima\misis2023f-23-check\misis2024s-23-18-eremin-i-n\prj.test\doctest.h(1476,9): warning C4805:         [ [D:\.dima\misis2023f-23-check\misis2024s-23-18-eremin-i-n\build.check\prj.test\test_bitset.vcxproj]
D:\.dima\misis2023f-23-check\misis2024s-23-18-eremin-i-n\prj.test\doctest.h(1476,9): warning C4805:             R=int [D:\.dima\misis2023f-23-check\misis2024s-23-18-eremin-i-n\build.check\prj.test\test_bitset.vcxproj]
D:\.dima\misis2023f-23-check\misis2024s-23-18-eremin-i-n\prj.test\doctest.h(1476,9): warning C4805:         ] [D:\.dima\misis2023f-23-check\misis2024s-23-18-eremin-i-n\build.check\prj.test\test_bitset.vcxproj]
    28>D:\.dima\misis2023f-23-check\misis2024s-23-18-eremin-i-n\prj.check\prj.check\doctest_stacklst\doctest_stacklst_moveable.cpp(21,6): warning C4834: удаление возвращаемого значения функции с атрибутом [[nodiscard]] [D:\.dima\misis2023f-23-check\misis2024s-23-18-eremin-i-n\build.check\prj.check\prj.check\doctest_stacklst\doctest_stacklst_m.vcxproj]
    28>D:\.dima\misis2023f-23-check\misis2024s-23-18-eremin-i-n\prj.check\prj.check\doctest_t.hpp(71,13): warning C4834: удаление возвращаемого значения функции с атрибутом [[nodiscard]] [D:\.dima\misis2023f-23-check\misis2024s-23-18-eremin-i-n\build.check\prj.check\prj.check\doctest_stacklst\doctest_stacklst_m.vcxproj]
    28>D:\.dima\misis2023f-23-check\misis2024s-23-18-eremin-i-n\prj.check\prj.check\doctest_t.hpp(85,13): warning C4834: удаление возвращаемого значения функции с атрибутом [[nodiscard]] [D:\.dima\misis2023f-23-check\misis2024s-23-18-eremin-i-n\build.check\prj.check\prj.check\doctest_stacklst\doctest_stacklst_m.vcxproj]
    21>D:\.dima\misis2023f-23-check\misis2024s-23-18-eremin-i-n\prj.check\prj.check\doctest_stacklst\doctest_stacklst.cpp(32,11): warning C4834: удаление возвращаемого значения функции с атрибутом [[nodiscard]] [D:\.dima\misis2023f-23-check\misis2024s-23-18-eremin-i-n\build.check\prj.check\prj.check\doctest_stacklst\doctest_stacklst.vcxproj]
    21>D:\.dima\misis2023f-23-check\misis2024s-23-18-eremin-i-n\prj.check\prj.check\doctest_stacklst\doctest_stacklst.cpp(61,12): warning C4834: удаление возвращаемого значения функции с атрибутом [[nodiscard]] [D:\.dima\misis2023f-23-check\misis2024s-23-18-eremin-i-n\build.check\prj.check\prj.check\doctest_stacklst\doctest_stacklst.vcxproj]
    21>D:\.dima\misis2023f-23-check\misis2024s-23-18-eremin-i-n\prj.check\prj.check\doctest_stacklst\doctest_stacklst.cpp(67,11): warning C4834: удаление возвращаемого значения функции с атрибутом [[nodiscard]] [D:\.dima\misis2023f-23-check\misis2024s-23-18-eremin-i-n\build.check\prj.check\prj.check\doctest_stacklst\doctest_stacklst.vcxproj]
    21>D:\.dima\misis2023f-23-check\misis2024s-23-18-eremin-i-n\prj.check\prj.check\doctest_stacklst\doctest_stacklst.cpp(74,11): warning C4834: удаление возвращаемого значения функции с атрибутом [[nodiscard]] [D:\.dima\misis2023f-23-check\misis2024s-23-18-eremin-i-n\build.check\prj.check\prj.check\doctest_stacklst\doctest_stacklst.vcxproj]
    21>D:\.dima\misis2023f-23-check\misis2024s-23-18-eremin-i-n\prj.check\prj.check\doctest_stacklst\doctest_stacklst.cpp(85,11): warning C4834: удаление возвращаемого значения функции с атрибутом [[nodiscard]] [D:\.dima\misis2023f-23-check\misis2024s-23-18-eremin-i-n\build.check\prj.check\prj.check\doctest_stacklst\doctest_stacklst.vcxproj]
    40>D:\.dima\misis2023f-23-check\misis2024s-23-18-eremin-i-n\prj.test\test_stackarr.cpp(8,5): warning C4834: удаление возвращаемого значения функции с атрибутом [[nodiscard]] [D:\.dima\misis2023f-23-check\misis2024s-23-18-eremin-i-n\build.check\prj.test\test_stackarr.vcxproj]
    40>D:\.dima\misis2023f-23-check\misis2024s-23-18-eremin-i-n\prj.test\doctest.h(1476,9): warning C4805: ==: небезопасное смешение типа "const L" и типа "const R" в операции [D:\.dima\misis2023f-23-check\misis2024s-23-18-eremin-i-n\build.check\prj.test\test_stackarr.vcxproj]
D:\.dima\misis2023f-23-check\misis2024s-23-18-eremin-i-n\prj.test\doctest.h(1476,9): warning C4805:         with [D:\.dima\misis2023f-23-check\misis2024s-23-18-eremin-i-n\build.check\prj.test\test_stackarr.vcxproj]
D:\.dima\misis2023f-23-check\misis2024s-23-18-eremin-i-n\prj.test\doctest.h(1476,9): warning C4805:         [ [D:\.dima\misis2023f-23-check\misis2024s-23-18-eremin-i-n\build.check\prj.test\test_stackarr.vcxproj]
D:\.dima\misis2023f-23-check\misis2024s-23-18-eremin-i-n\prj.test\doctest.h(1476,9): warning C4805:             L=int [D:\.dima\misis2023f-23-check\misis2024s-23-18-eremin-i-n\build.check\prj.test\test_stackarr.vcxproj]
D:\.dima\misis2023f-23-check\misis2024s-23-18-eremin-i-n\prj.test\doctest.h(1476,9): warning C4805:         ] [D:\.dima\misis2023f-23-check\misis2024s-23-18-eremin-i-n\build.check\prj.test\test_stackarr.vcxproj]
D:\.dima\misis2023f-23-check\misis2024s-23-18-eremin-i-n\prj.test\doctest.h(1476,9): warning C4805:         and [D:\.dima\misis2023f-23-check\misis2024s-23-18-eremin-i-n\build.check\prj.test\test_stackarr.vcxproj]
D:\.dima\misis2023f-23-check\misis2024s-23-18-eremin-i-n\prj.test\doctest.h(1476,9): warning C4805:         [ [D:\.dima\misis2023f-23-check\misis2024s-23-18-eremin-i-n\build.check\prj.test\test_stackarr.vcxproj]
D:\.dima\misis2023f-23-check\misis2024s-23-18-eremin-i-n\prj.test\doctest.h(1476,9): warning C4805:             R=bool [D:\.dima\misis2023f-23-check\misis2024s-23-18-eremin-i-n\build.check\prj.test\test_stackarr.vcxproj]
D:\.dima\misis2023f-23-check\misis2024s-23-18-eremin-i-n\prj.test\doctest.h(1476,9): warning C4805:         ] [D:\.dima\misis2023f-23-check\misis2024s-23-18-eremin-i-n\build.check\prj.test\test_stackarr.vcxproj]
    22>D:\.dima\misis2023f-23-check\misis2024s-23-18-eremin-i-n\prj.check\prj.check\doctest_stackarr\doctest_stackarr.cpp(33,11): warning C4834: удаление возвращаемого значения функции с атрибутом [[nodiscard]] [D:\.dima\misis2023f-23-check\misis2024s-23-18-eremin-i-n\build.check\prj.check\prj.check\doctest_stackarr\doctest_stackarr.vcxproj]
    22>D:\.dima\misis2023f-23-check\misis2024s-23-18-eremin-i-n\prj.check\prj.check\doctest_stackarr\doctest_stackarr.cpp(62,12): warning C4834: удаление возвращаемого значения функции с атрибутом [[nodiscard]] [D:\.dima\misis2023f-23-check\misis2024s-23-18-eremin-i-n\build.check\prj.check\prj.check\doctest_stackarr\doctest_stackarr.vcxproj]
    22>D:\.dima\misis2023f-23-check\misis2024s-23-18-eremin-i-n\prj.check\prj.check\doctest_stackarr\doctest_stackarr.cpp(68,11): warning C4834: удаление возвращаемого значения функции с атрибутом [[nodiscard]] [D:\.dima\misis2023f-23-check\misis2024s-23-18-eremin-i-n\build.check\prj.check\prj.check\doctest_stackarr\doctest_stackarr.vcxproj]
    22>D:\.dima\misis2023f-23-check\misis2024s-23-18-eremin-i-n\prj.check\prj.check\doctest_stackarr\doctest_stackarr.cpp(75,11): warning C4834: удаление возвращаемого значения функции с атрибутом [[nodiscard]] [D:\.dima\misis2023f-23-check\misis2024s-23-18-eremin-i-n\build.check\prj.check\prj.check\doctest_stackarr\doctest_stackarr.vcxproj]
    26>D:\.dima\misis2023f-23-check\misis2024s-23-18-eremin-i-n\prj.check\prj.check\doctest_t.hpp(71,13): warning C4834: удаление возвращаемого значения функции с атрибутом [[nodiscard]] [D:\.dima\misis2023f-23-check\misis2024s-23-18-eremin-i-n\build.check\prj.check\prj.check\doctest_stackarr\doctest_stackarr_m.vcxproj]
    26>D:\.dima\misis2023f-23-check\misis2024s-23-18-eremin-i-n\prj.check\prj.check\doctest_t.hpp(85,13): warning C4834: удаление возвращаемого значения функции с атрибутом [[nodiscard]] [D:\.dima\misis2023f-23-check\misis2024s-23-18-eremin-i-n\build.check\prj.check\prj.check\doctest_stackarr\doctest_stackarr_m.vcxproj]
